<?xml version="1.0" encoding="UTF-8"?>
<testsuite xmlns:xsi="http://www.w3.org/2001/XMLSchema-instance" xsi:noNamespaceSchemaLocation="https://maven.apache.org/surefire/maven-surefire-plugin/xsd/surefire-test-report-3.0.xsd" version="3.0" name="naiara.TrianguloTest" time="0.184" tests="20" errors="0" skipped="0" failures="0">
  <properties>
    <property name="java.specification.version" value="21"/>
    <property name="sun.cpu.isalist" value="amd64"/>
    <property name="sun.jnu.encoding" value="Cp1252"/>
    <property name="java.class.path" value="C:\Users\Naiara\Desktop\5° Semestre - BD\Lab V - Nadalete\Atividade3\Ex1\target\test-classes;C:\Users\Naiara\Desktop\5° Semestre - BD\Lab V - Nadalete\Atividade3\Ex1\target\classes;C:\Users\Naiara\.m2\repository\org\junit\jupiter\junit-jupiter-engine\5.11.4\junit-jupiter-engine-5.11.4.jar;C:\Users\Naiara\.m2\repository\org\junit\platform\junit-platform-engine\1.11.4\junit-platform-engine-1.11.4.jar;C:\Users\Naiara\.m2\repository\org\opentest4j\opentest4j\1.3.0\opentest4j-1.3.0.jar;C:\Users\Naiara\.m2\repository\org\junit\platform\junit-platform-commons\1.11.4\junit-platform-commons-1.11.4.jar;C:\Users\Naiara\.m2\repository\org\junit\jupiter\junit-jupiter-api\5.11.4\junit-jupiter-api-5.11.4.jar;C:\Users\Naiara\.m2\repository\org\apiguardian\apiguardian-api\1.1.2\apiguardian-api-1.1.2.jar;C:\Users\Naiara\.m2\repository\org\junit\jupiter\junit-jupiter-params\5.11.4\junit-jupiter-params-5.11.4.jar;C:\Users\Naiara\.m2\repository\org\projectlombok\lombok\1.18.36\lombok-1.18.36.jar;"/>
    <property name="java.vm.vendor" value="Oracle Corporation"/>
    <property name="sun.arch.data.model" value="64"/>
    <property name="user.variant" value=""/>
    <property name="java.vendor.url" value="https://java.oracle.com/"/>
    <property name="user.timezone" value="America/Sao_Paulo"/>
    <property name="os.name" value="Windows 11"/>
    <property name="java.vm.specification.version" value="21"/>
    <property name="sun.java.launcher" value="SUN_STANDARD"/>
    <property name="user.country" value="BR"/>
    <property name="sun.boot.library.path" value="C:\Oracle\jdk-21.0.4\bin"/>
    <property name="sun.java.command" value="C:\Users\Naiara\AppData\Local\Temp\surefire6931440747989208588\surefirebooter-20250406115414922_3.jar C:\Users\Naiara\AppData\Local\Temp\surefire6931440747989208588 2025-04-06T11-54-13_832-jvmRun1 surefire-20250406115414922_1tmp surefire_0-20250406115414922_2tmp"/>
    <property name="jdk.debug" value="release"/>
    <property name="surefire.test.class.path" value="C:\Users\Naiara\Desktop\5° Semestre - BD\Lab V - Nadalete\Atividade3\Ex1\target\test-classes;C:\Users\Naiara\Desktop\5° Semestre - BD\Lab V - Nadalete\Atividade3\Ex1\target\classes;C:\Users\Naiara\.m2\repository\org\junit\jupiter\junit-jupiter-engine\5.11.4\junit-jupiter-engine-5.11.4.jar;C:\Users\Naiara\.m2\repository\org\junit\platform\junit-platform-engine\1.11.4\junit-platform-engine-1.11.4.jar;C:\Users\Naiara\.m2\repository\org\opentest4j\opentest4j\1.3.0\opentest4j-1.3.0.jar;C:\Users\Naiara\.m2\repository\org\junit\platform\junit-platform-commons\1.11.4\junit-platform-commons-1.11.4.jar;C:\Users\Naiara\.m2\repository\org\junit\jupiter\junit-jupiter-api\5.11.4\junit-jupiter-api-5.11.4.jar;C:\Users\Naiara\.m2\repository\org\apiguardian\apiguardian-api\1.1.2\apiguardian-api-1.1.2.jar;C:\Users\Naiara\.m2\repository\org\junit\jupiter\junit-jupiter-params\5.11.4\junit-jupiter-params-5.11.4.jar;C:\Users\Naiara\.m2\repository\org\projectlombok\lombok\1.18.36\lombok-1.18.36.jar;"/>
    <property name="sun.cpu.endian" value="little"/>
    <property name="user.home" value="C:\Users\Naiara"/>
    <property name="user.language" value="pt"/>
    <property name="java.specification.vendor" value="Oracle Corporation"/>
    <property name="java.version.date" value="2024-07-16"/>
    <property name="java.home" value="C:\Oracle\jdk-21.0.4"/>
    <property name="file.separator" value="\"/>
    <property name="basedir" value="C:\Users\Naiara\Desktop\5° Semestre - BD\Lab V - Nadalete\Atividade3\Ex1"/>
    <property name="java.vm.compressedOopsMode" value="32-bit"/>
    <property name="line.separator" value="&#10;"/>
    <property name="java.vm.specification.vendor" value="Oracle Corporation"/>
    <property name="java.specification.name" value="Java Platform API Specification"/>
    <property name="surefire.real.class.path" value="C:\Users\Naiara\AppData\Local\Temp\surefire6931440747989208588\surefirebooter-20250406115414922_3.jar"/>
    <property name="user.script" value=""/>
    <property name="sun.management.compiler" value="HotSpot 64-Bit Tiered Compilers"/>
    <property name="java.runtime.version" value="21.0.4+8-LTS-274"/>
    <property name="user.name" value="Naiara"/>
    <property name="stdout.encoding" value="Cp1252"/>
    <property name="path.separator" value=";"/>
    <property name="os.version" value="10.0"/>
    <property name="java.runtime.name" value="Java(TM) SE Runtime Environment"/>
    <property name="file.encoding" value="UTF-8"/>
    <property name="java.vm.name" value="Java HotSpot(TM) 64-Bit Server VM"/>
    <property name="localRepository" value="C:\Users\Naiara\.m2\repository"/>
    <property name="java.vendor.url.bug" value="https://bugreport.java.com/bugreport/"/>
    <property name="java.io.tmpdir" value="C:\Users\Naiara\AppData\Local\Temp\"/>
    <property name="java.version" value="21.0.4"/>
    <property name="user.dir" value="C:\Users\Naiara\Desktop\5° Semestre - BD\Lab V - Nadalete\Atividade3\Ex1"/>
    <property name="os.arch" value="amd64"/>
    <property name="java.vm.specification.name" value="Java Virtual Machine Specification"/>
    <property name="sun.os.patch.level" value=""/>
    <property name="native.encoding" value="Cp1252"/>
    <property name="java.library.path" value="C:\Oracle\jdk-21.0.4\bin;C:\WINDOWS\Sun\Java\bin;C:\WINDOWS\system32;C:\WINDOWS;C:\Oracle\jdk-21.0.4\bin;C:\WINDOWS\system32;C:\WINDOWS;C:\WINDOWS\System32\Wbem;C:\WINDOWS\System32\WindowsPowerShell\v1.0\;C:\WINDOWS\System32\OpenSSH\;C:\Program Files\Git\cmd;C:\Program Files\nodejs\;C:\Program Files\Docker\Docker\resources\bin;C:\Program Files (x86)\apache-maven-3.9.9\bin;C:\Users\Naiara\AppData\Local\Programs\Python\Python313\Scripts\;C:\Users\Naiara\AppData\Local\Programs\Python\Python313\;C:\Oracle\jdk-21.0.4\bin;C:\WINDOWS\system32;C:\WINDOWS;C:\WINDOWS\System32\Wbem;C:\WINDOWS\System32\WindowsPowerShell\v1.0\;C:\WINDOWS\System32\OpenSSH\;C:\Program Files\Git\cmd;C:\Program Files\Docker\Docker\resources\bin;C:\Program Files\nodejs\;C:\Users\Naiara\AppData\Local\Programs\Python\Python312\Scripts\;C:\Users\Naiara\AppData\Local\Programs\Python\Python312\;C:\Users\Naiara\AppData\Local\Programs\Python\Launcher\;C:\Users\Naiara\AppData\Local\Microsoft\WindowsApps;C:\Users\Naiara\AppData\Local\Programs\Microsoft VS Code\bin;C:\Users\Naiara\AppData\Roaming\npm;C:\Program Files\JetBrains\IntelliJ IDEA Community Edition 2024.3\bin;C:\Program Files\SonarScanner\bin;mvn : O termo &apos;mvn&apos; não é reconhecido como nome de cmdlet, função, arquivo de script ou programa operável. Verifique a grafia do nome ou, se um;;."/>
    <property name="java.vm.info" value="mixed mode, sharing"/>
    <property name="stderr.encoding" value="Cp1252"/>
    <property name="java.vendor" value="Oracle Corporation"/>
    <property name="java.vm.version" value="21.0.4+8-LTS-274"/>
    <property name="sun.io.unicode.encoding" value="UnicodeLittle"/>
    <property name="java.class.version" value="65.0"/>
  </properties>
  <testcase name="validarTipoTriangulo(int, int, int, String)[1]" classname="naiara.TrianguloTest" time="0.047"/>
  <testcase name="validarTipoTriangulo(int, int, int, String)[2]" classname="naiara.TrianguloTest" time="0.009"/>
  <testcase name="validarTipoTriangulo(int, int, int, String)[3]" classname="naiara.TrianguloTest" time="0"/>
  <testcase name="validarTipoTriangulo(int, int, int, String)[4]" classname="naiara.TrianguloTest" time="0"/>
  <testcase name="validarTipoTriangulo(int, int, int, String)[5]" classname="naiara.TrianguloTest" time="0"/>
  <testcase name="validarTipoTriangulo(int, int, int, String)[6]" classname="naiara.TrianguloTest" time="0"/>
  <testcase name="validarTipoTriangulo(int, int, int, String)[7]" classname="naiara.TrianguloTest" time="0.016"/>
  <testcase name="validarTipoTriangulo(int, int, int, String)[8]" classname="naiara.TrianguloTest" time="0"/>
  <testcase name="validarTipoTriangulo(int, int, int, String)[9]" classname="naiara.TrianguloTest" time="0"/>
  <testcase name="validarTipoTriangulo(int, int, int, String)[10]" classname="naiara.TrianguloTest" time="0"/>
  <testcase name="validarTipoTriangulo(int, int, int, String)[11]" classname="naiara.TrianguloTest" time="0"/>
  <testcase name="validarTipoTriangulo(int, int, int, String)[12]" classname="naiara.TrianguloTest" time="0.015"/>
  <testcase name="validarTipoTriangulo(int, int, int, String)[13]" classname="naiara.TrianguloTest" time="0"/>
  <testcase name="validarTipoTriangulo(int, int, int, String)[14]" classname="naiara.TrianguloTest" time="0"/>
  <testcase name="validarTipoTriangulo(int, int, int, String)[15]" classname="naiara.TrianguloTest" time="0"/>
  <testcase name="validarTipoTriangulo(int, int, int, String)[16]" classname="naiara.TrianguloTest" time="0"/>
  <testcase name="validarTipoTriangulo(int, int, int, String)[17]" classname="naiara.TrianguloTest" time="0"/>
  <testcase name="validarTipoTriangulo(int, int, int, String)[18]" classname="naiara.TrianguloTest" time="0"/>
  <testcase name="validarTipoTriangulo(int, int, int, String)[19]" classname="naiara.TrianguloTest" time="0"/>
  <testcase name="validarTipoTriangulo(int, int, int, String)[20]" classname="naiara.TrianguloTest" time="0"/>
</testsuite>